This file contains any messages produced by compilers while
running configure, to aid debugging if configure makes a mistake.

It was created by faststi configure 0.1, which was
generated by GNU Autoconf 2.69.  Invocation command line was

  $ ./configure 

## --------- ##
## Platform. ##
## --------- ##

hostname = nathan-Lenovo-V510-15IKB
uname -m = x86_64
uname -r = 4.15.0-54-generic
uname -s = Linux
uname -v = #58~16.04.1-Ubuntu SMP Mon Jun 24 13:21:41 UTC 2019

/usr/bin/uname -p = unknown
/bin/uname -X     = unknown

/bin/arch              = unknown
/usr/bin/arch -k       = unknown
/usr/convex/getsysinfo = unknown
/usr/bin/hostinfo      = unknown
/bin/machine           = unknown
/usr/bin/oslevel       = unknown
/bin/universe          = unknown

PATH: /home/nathan/workspace/djangoprojects/bin
PATH: /home/nathan/.cargo/bin
PATH: /home/nathan/bin
PATH: /home/nathan/.local/bin
PATH: /usr/local/sbin
PATH: /usr/local/bin
PATH: /usr/sbin
PATH: /usr/bin
PATH: /sbin
PATH: /bin
PATH: /usr/games
PATH: /usr/local/games


## ----------- ##
## Core tests. ##
## ----------- ##

configure:1866: checking for a BSD-compatible install
configure:1934: result: /usr/bin/install -c
configure:1945: checking whether build environment is sane
configure:2000: result: yes
configure:2151: checking for a thread-safe mkdir -p
configure:2190: result: /bin/mkdir -p
configure:2197: checking for gawk
configure:2213: found /usr/bin/gawk
configure:2224: result: gawk
configure:2235: checking whether make sets $(MAKE)
configure:2257: result: yes
configure:2286: checking whether make supports nested variables
configure:2303: result: yes
configure:2477: checking for gcc
configure:2493: found /usr/bin/gcc
configure:2504: result: gcc
configure:2733: checking for C compiler version
configure:2742: gcc --version >&5
gcc (Ubuntu 5.4.0-6ubuntu1~16.04.11) 5.4.0 20160609
Copyright (C) 2015 Free Software Foundation, Inc.
This is free software; see the source for copying conditions.  There is NO
warranty; not even for MERCHANTABILITY or FITNESS FOR A PARTICULAR PURPOSE.

configure:2753: $? = 0
configure:2742: gcc -v >&5
Using built-in specs.
COLLECT_GCC=gcc
COLLECT_LTO_WRAPPER=/usr/lib/gcc/x86_64-linux-gnu/5/lto-wrapper
Target: x86_64-linux-gnu
Configured with: ../src/configure -v --with-pkgversion='Ubuntu 5.4.0-6ubuntu1~16.04.11' --with-bugurl=file:///usr/share/doc/gcc-5/README.Bugs --enable-languages=c,ada,c++,java,go,d,fortran,objc,obj-c++ --prefix=/usr --program-suffix=-5 --enable-shared --enable-linker-build-id --libexecdir=/usr/lib --without-included-gettext --enable-threads=posix --libdir=/usr/lib --enable-nls --with-sysroot=/ --enable-clocale=gnu --enable-libstdcxx-debug --enable-libstdcxx-time=yes --with-default-libstdcxx-abi=new --enable-gnu-unique-object --disable-vtable-verify --enable-libmpx --enable-plugin --with-system-zlib --disable-browser-plugin --enable-java-awt=gtk --enable-gtk-cairo --with-java-home=/usr/lib/jvm/java-1.5.0-gcj-5-amd64/jre --enable-java-home --with-jvm-root-dir=/usr/lib/jvm/java-1.5.0-gcj-5-amd64 --with-jvm-jar-dir=/usr/lib/jvm-exports/java-1.5.0-gcj-5-amd64 --with-arch-directory=amd64 --with-ecj-jar=/usr/share/java/eclipse-ecj.jar --enable-objc-gc --enable-multiarch --disable-werror --with-arch-32=i686 --with-abi=m64 --with-multilib-list=m32,m64,mx32 --enable-multilib --with-tune=generic --enable-checking=release --build=x86_64-linux-gnu --host=x86_64-linux-gnu --target=x86_64-linux-gnu
Thread model: posix
gcc version 5.4.0 20160609 (Ubuntu 5.4.0-6ubuntu1~16.04.11) 
configure:2753: $? = 0
configure:2742: gcc -V >&5
gcc: error: unrecognized command line option '-V'
gcc: fatal error: no input files
compilation terminated.
configure:2753: $? = 1
configure:2742: gcc -qversion >&5
gcc: error: unrecognized command line option '-qversion'
gcc: fatal error: no input files
compilation terminated.
configure:2753: $? = 1
configure:2773: checking whether the C compiler works
configure:2795: gcc    conftest.c  >&5
configure:2799: $? = 0
configure:2847: result: yes
configure:2850: checking for C compiler default output file name
configure:2852: result: a.out
configure:2858: checking for suffix of executables
configure:2865: gcc -o conftest    conftest.c  >&5
configure:2869: $? = 0
configure:2891: result: 
configure:2913: checking whether we are cross compiling
configure:2921: gcc -o conftest    conftest.c  >&5
configure:2925: $? = 0
configure:2932: ./conftest
configure:2936: $? = 0
configure:2951: result: no
configure:2956: checking for suffix of object files
configure:2978: gcc -c   conftest.c >&5
configure:2982: $? = 0
configure:3003: result: o
configure:3007: checking whether we are using the GNU C compiler
configure:3026: gcc -c   conftest.c >&5
configure:3026: $? = 0
configure:3035: result: yes
configure:3044: checking whether gcc accepts -g
configure:3064: gcc -c -g  conftest.c >&5
configure:3064: $? = 0
configure:3105: result: yes
configure:3122: checking for gcc option to accept ISO C89
configure:3185: gcc  -c -g -O2  conftest.c >&5
configure:3185: $? = 0
configure:3198: result: none needed
configure:3223: checking whether gcc understands -c and -o together
configure:3245: gcc -c conftest.c -o conftest2.o
configure:3248: $? = 0
configure:3245: gcc -c conftest.c -o conftest2.o
configure:3248: $? = 0
configure:3260: result: yes
configure:3288: checking for style of include used by make
configure:3316: result: GNU
configure:3342: checking dependency style of gcc
configure:3453: result: gcc3
configure:3525: checking for pkg-config
configure:3543: found /usr/bin/pkg-config
configure:3555: result: /usr/bin/pkg-config
configure:3580: checking pkg-config is at least version 0.9.0
configure:3583: result: yes
configure:3593: checking for GLIB
configure:3600: $PKG_CONFIG --exists --print-errors "glib-2.0 >= 2.48"
configure:3603: $? = 0
configure:3617: $PKG_CONFIG --exists --print-errors "glib-2.0 >= 2.48"
configure:3620: $? = 0
configure:3678: result: yes
configure:3684: checking for GSL
configure:3691: $PKG_CONFIG --exists --print-errors "gsl >= 2.1"
configure:3694: $? = 0
configure:3708: $PKG_CONFIG --exists --print-errors "gsl >= 2.1"
configure:3711: $? = 0
configure:3769: result: yes
configure:3884: checking that generated files are newer than configure
configure:3890: result: done
configure:3913: creating ./config.status

## ---------------------- ##
## Running config.status. ##
## ---------------------- ##

This file was extended by faststi config.status 0.1, which was
generated by GNU Autoconf 2.69.  Invocation command line was

  CONFIG_FILES    = 
  CONFIG_HEADERS  = 
  CONFIG_LINKS    = 
  CONFIG_COMMANDS = 
  $ ./config.status 

on nathan-Lenovo-V510-15IKB

config.status:848: creating Makefile
config.status:848: creating src/Makefile
config.status:848: creating config.h
config.status:1029: config.h is unchanged
config.status:1077: executing depfiles commands

## ---------------- ##
## Cache variables. ##
## ---------------- ##

ac_cv_c_compiler_gnu=yes
ac_cv_env_CC_set=
ac_cv_env_CC_value=
ac_cv_env_CFLAGS_set=
ac_cv_env_CFLAGS_value=
ac_cv_env_CPPFLAGS_set=
ac_cv_env_CPPFLAGS_value=
ac_cv_env_GLIB_CFLAGS_set=
ac_cv_env_GLIB_CFLAGS_value=
ac_cv_env_GLIB_LIBS_set=
ac_cv_env_GLIB_LIBS_value=
ac_cv_env_GSL_CFLAGS_set=
ac_cv_env_GSL_CFLAGS_value=
ac_cv_env_GSL_LIBS_set=
ac_cv_env_GSL_LIBS_value=
ac_cv_env_LDFLAGS_set=
ac_cv_env_LDFLAGS_value=
ac_cv_env_LIBS_set=
ac_cv_env_LIBS_value=
ac_cv_env_PKG_CONFIG_LIBDIR_set=
ac_cv_env_PKG_CONFIG_LIBDIR_value=
ac_cv_env_PKG_CONFIG_PATH_set=
ac_cv_env_PKG_CONFIG_PATH_value=
ac_cv_env_PKG_CONFIG_set=
ac_cv_env_PKG_CONFIG_value=
ac_cv_env_build_alias_set=
ac_cv_env_build_alias_value=
ac_cv_env_host_alias_set=
ac_cv_env_host_alias_value=
ac_cv_env_target_alias_set=
ac_cv_env_target_alias_value=
ac_cv_objext=o
ac_cv_path_ac_pt_PKG_CONFIG=/usr/bin/pkg-config
ac_cv_path_install='/usr/bin/install -c'
ac_cv_path_mkdir=/bin/mkdir
ac_cv_prog_AWK=gawk
ac_cv_prog_ac_ct_CC=gcc
ac_cv_prog_cc_c89=
ac_cv_prog_cc_g=yes
ac_cv_prog_make_make_set=yes
am_cv_CC_dependencies_compiler_type=gcc3
am_cv_make_support_nested_variables=yes
am_cv_prog_cc_c_o=yes
pkg_cv_GLIB_CFLAGS='-I/usr/include/glib-2.0 -I/usr/lib/x86_64-linux-gnu/glib-2.0/include'
pkg_cv_GLIB_LIBS=-lglib-2.0
pkg_cv_GSL_CFLAGS=
pkg_cv_GSL_LIBS='-lgsl -lgslcblas -lm'

## ----------------- ##
## Output variables. ##
## ----------------- ##

ACLOCAL='${SHELL} /home/nathan/workspace/C/faststi/missing aclocal-1.15'
AMDEPBACKSLASH='\'
AMDEP_FALSE='#'
AMDEP_TRUE=''
AMTAR='$${TAR-tar}'
AM_BACKSLASH='\'
AM_DEFAULT_V='$(AM_DEFAULT_VERBOSITY)'
AM_DEFAULT_VERBOSITY='1'
AM_V='$(V)'
AUTOCONF='${SHELL} /home/nathan/workspace/C/faststi/missing autoconf'
AUTOHEADER='${SHELL} /home/nathan/workspace/C/faststi/missing autoheader'
AUTOMAKE='${SHELL} /home/nathan/workspace/C/faststi/missing automake-1.15'
AWK='gawk'
CC='gcc'
CCDEPMODE='depmode=gcc3'
CFLAGS='-g -O2'
CPPFLAGS=''
CYGPATH_W='echo'
DEFS='-DHAVE_CONFIG_H'
DEPDIR='.deps'
ECHO_C=''
ECHO_N='-n'
ECHO_T=''
EXEEXT=''
GLIB_CFLAGS='-I/usr/include/glib-2.0 -I/usr/lib/x86_64-linux-gnu/glib-2.0/include'
GLIB_LIBS='-lglib-2.0'
GSL_CFLAGS=''
GSL_LIBS='-lgsl -lgslcblas -lm'
INSTALL_DATA='${INSTALL} -m 644'
INSTALL_PROGRAM='${INSTALL}'
INSTALL_SCRIPT='${INSTALL}'
INSTALL_STRIP_PROGRAM='$(install_sh) -c -s'
LDFLAGS=''
LIBOBJS=''
LIBS=''
LTLIBOBJS=''
MAKEINFO='${SHELL} /home/nathan/workspace/C/faststi/missing makeinfo'
MKDIR_P='/bin/mkdir -p'
OBJEXT='o'
PACKAGE='faststi'
PACKAGE_BUGREPORT='nathangeffen@quackdown.info'
PACKAGE_NAME='faststi'
PACKAGE_STRING='faststi 0.1'
PACKAGE_TARNAME='faststi'
PACKAGE_URL=''
PACKAGE_VERSION='0.1'
PATH_SEPARATOR=':'
PKG_CONFIG='/usr/bin/pkg-config'
PKG_CONFIG_LIBDIR=''
PKG_CONFIG_PATH=''
SET_MAKE=''
SHELL='/bin/bash'
STRIP=''
VERSION='0.1'
ac_ct_CC='gcc'
am__EXEEXT_FALSE=''
am__EXEEXT_TRUE='#'
am__fastdepCC_FALSE='#'
am__fastdepCC_TRUE=''
am__include='include'
am__isrc=''
am__leading_dot='.'
am__nodep='_no'
am__quote=''
am__tar='$${TAR-tar} chof - "$$tardir"'
am__untar='$${TAR-tar} xf -'
bindir='${exec_prefix}/bin'
build_alias=''
datadir='${datarootdir}'
datarootdir='${prefix}/share'
docdir='${datarootdir}/doc/${PACKAGE_TARNAME}'
dvidir='${docdir}'
exec_prefix='${prefix}'
host_alias=''
htmldir='${docdir}'
includedir='${prefix}/include'
infodir='${datarootdir}/info'
install_sh='${SHELL} /home/nathan/workspace/C/faststi/install-sh'
libdir='${exec_prefix}/lib'
libexecdir='${exec_prefix}/libexec'
localedir='${datarootdir}/locale'
localstatedir='${prefix}/var'
mandir='${datarootdir}/man'
mkdir_p='$(MKDIR_P)'
oldincludedir='/usr/include'
pdfdir='${docdir}'
prefix='/usr/local'
program_transform_name='s,x,x,'
psdir='${docdir}'
runstatedir='${localstatedir}/run'
sbindir='${exec_prefix}/sbin'
sharedstatedir='${prefix}/com'
sysconfdir='${prefix}/etc'
target_alias=''

## ----------- ##
## confdefs.h. ##
## ----------- ##

/* confdefs.h */
#define PACKAGE_NAME "faststi"
#define PACKAGE_TARNAME "faststi"
#define PACKAGE_VERSION "0.1"
#define PACKAGE_STRING "faststi 0.1"
#define PACKAGE_BUGREPORT "nathangeffen@quackdown.info"
#define PACKAGE_URL ""
#define PACKAGE "faststi"
#define VERSION "0.1"

configure: exit 0

## ---------------------- ##
## Running config.status. ##
## ---------------------- ##

This file was extended by faststi config.status 0.1, which was
generated by GNU Autoconf 2.69.  Invocation command line was

  CONFIG_FILES    = 
  CONFIG_HEADERS  = 
  CONFIG_LINKS    = 
  CONFIG_COMMANDS = 
  $ ./config.status config.h

on nathan-Lenovo-V510-15IKB

config.status:848: creating config.h
config.status:1029: config.h is unchanged
